G:\课程文档\大四上学期\NAO机器人\项目\IMITATION\VS\KINECTSDK_CAPTUTRINGSKELETONDATA\CONSOLEAPPLICATION1\DEBUG\MAIN.OBJ
G:\课程文档\大四上学期\NAO机器人\项目\IMITATION\VS\KINECTSDK_CAPTUTRINGSKELETONDATA\CONSOLEAPPLICATION1\DEBUG\FUNCINV.OBJ
G:\课程文档\大四上学期\NAO机器人\项目\IMITATION\VS\KINECTSDK_CAPTUTRINGSKELETONDATA\CONSOLEAPPLICATION1\DEBUG\FUNCINV_INITIALIZE.OBJ
G:\课程文档\大四上学期\NAO机器人\项目\IMITATION\VS\KINECTSDK_CAPTUTRINGSKELETONDATA\CONSOLEAPPLICATION1\DEBUG\FUNCINV_TERMINATE.OBJ
G:\课程文档\大四上学期\NAO机器人\项目\IMITATION\VS\KINECTSDK_CAPTUTRINGSKELETONDATA\CONSOLEAPPLICATION1\DEBUG\FUNCPINV.OBJ
G:\课程文档\大四上学期\NAO机器人\项目\IMITATION\VS\KINECTSDK_CAPTUTRINGSKELETONDATA\CONSOLEAPPLICATION1\DEBUG\FUNCPINV_INITIALIZE.OBJ
G:\课程文档\大四上学期\NAO机器人\项目\IMITATION\VS\KINECTSDK_CAPTUTRINGSKELETONDATA\CONSOLEAPPLICATION1\DEBUG\FUNCPINV_TERMINATE.OBJ
G:\课程文档\大四上学期\NAO机器人\项目\IMITATION\VS\KINECTSDK_CAPTUTRINGSKELETONDATA\CONSOLEAPPLICATION1\DEBUG\IK_SOLVER.OBJ
G:\课程文档\大四上学期\NAO机器人\项目\IMITATION\VS\KINECTSDK_CAPTUTRINGSKELETONDATA\CONSOLEAPPLICATION1\DEBUG\IMITATION.OBJ
G:\课程文档\大四上学期\NAO机器人\项目\IMITATION\VS\KINECTSDK_CAPTUTRINGSKELETONDATA\CONSOLEAPPLICATION1\DEBUG\LOG.OBJ
G:\课程文档\大四上学期\NAO机器人\项目\IMITATION\VS\KINECTSDK_CAPTUTRINGSKELETONDATA\CONSOLEAPPLICATION1\DEBUG\MATH_FUNCTION.OBJ
G:\课程文档\大四上学期\NAO机器人\项目\IMITATION\VS\KINECTSDK_CAPTUTRINGSKELETONDATA\CONSOLEAPPLICATION1\DEBUG\ROBOT.OBJ
G:\课程文档\大四上学期\NAO机器人\项目\IMITATION\VS\KINECTSDK_CAPTUTRINGSKELETONDATA\CONSOLEAPPLICATION1\DEBUG\RTGETINF.OBJ
G:\课程文档\大四上学期\NAO机器人\项目\IMITATION\VS\KINECTSDK_CAPTUTRINGSKELETONDATA\CONSOLEAPPLICATION1\DEBUG\RTGETNAN.OBJ
G:\课程文档\大四上学期\NAO机器人\项目\IMITATION\VS\KINECTSDK_CAPTUTRINGSKELETONDATA\CONSOLEAPPLICATION1\DEBUG\RT_NONFINITE.OBJ
G:\课程文档\大四上学期\NAO机器人\项目\IMITATION\VS\KINECTSDK_CAPTUTRINGSKELETONDATA\CONSOLEAPPLICATION1\DEBUG\ZMP.OBJ
G:\课程文档\大四上学期\NAO机器人\项目\IMITATION\VS\KINECTSDK_CAPTUTRINGSKELETONDATA\CONSOLEAPPLICATION1\DEBUG\VC110.PDB
G:\课程文档\大四上学期\NAO机器人\项目\IMITATION\VS\KINECTSDK_CAPTUTRINGSKELETONDATA\DEBUG\CONSOLEAPPLICATION1.ILK
G:\课程文档\大四上学期\NAO机器人\项目\IMITATION\VS\KINECTSDK_CAPTUTRINGSKELETONDATA\DEBUG\CONSOLEAPPLICATION1.EXE
G:\课程文档\大四上学期\NAO机器人\项目\IMITATION\VS\KINECTSDK_CAPTUTRINGSKELETONDATA\DEBUG\CONSOLEAPPLICATION1.PDB
G:\课程文档\大四上学期\NAO机器人\项目\Imitation\VS\KinectSDK_CaptutringSkeletonData\ConsoleApplication1\Debug\funcinv.obj
G:\课程文档\大四上学期\NAO机器人\项目\Imitation\VS\KinectSDK_CaptutringSkeletonData\ConsoleApplication1\Debug\funcinv_initialize.obj
G:\课程文档\大四上学期\NAO机器人\项目\Imitation\VS\KinectSDK_CaptutringSkeletonData\ConsoleApplication1\Debug\funcinv_terminate.obj
G:\课程文档\大四上学期\NAO机器人\项目\Imitation\VS\KinectSDK_CaptutringSkeletonData\ConsoleApplication1\Debug\funcpinv.obj
G:\课程文档\大四上学期\NAO机器人\项目\Imitation\VS\KinectSDK_CaptutringSkeletonData\ConsoleApplication1\Debug\funcpinv_initialize.obj
G:\课程文档\大四上学期\NAO机器人\项目\Imitation\VS\KinectSDK_CaptutringSkeletonData\ConsoleApplication1\Debug\funcpinv_terminate.obj
G:\课程文档\大四上学期\NAO机器人\项目\Imitation\VS\KinectSDK_CaptutringSkeletonData\ConsoleApplication1\Debug\ik_solver.obj
G:\课程文档\大四上学期\NAO机器人\项目\Imitation\VS\KinectSDK_CaptutringSkeletonData\ConsoleApplication1\Debug\imitation.obj
G:\课程文档\大四上学期\NAO机器人\项目\Imitation\VS\KinectSDK_CaptutringSkeletonData\ConsoleApplication1\Debug\log.obj
G:\课程文档\大四上学期\NAO机器人\项目\Imitation\VS\KinectSDK_CaptutringSkeletonData\ConsoleApplication1\Debug\main.obj
G:\课程文档\大四上学期\NAO机器人\项目\Imitation\VS\KinectSDK_CaptutringSkeletonData\ConsoleApplication1\Debug\math_function.obj
G:\课程文档\大四上学期\NAO机器人\项目\Imitation\VS\KinectSDK_CaptutringSkeletonData\ConsoleApplication1\Debug\robot.obj
G:\课程文档\大四上学期\NAO机器人\项目\Imitation\VS\KinectSDK_CaptutringSkeletonData\ConsoleApplication1\Debug\rtGetInf.obj
G:\课程文档\大四上学期\NAO机器人\项目\Imitation\VS\KinectSDK_CaptutringSkeletonData\ConsoleApplication1\Debug\rtGetNaN.obj
G:\课程文档\大四上学期\NAO机器人\项目\Imitation\VS\KinectSDK_CaptutringSkeletonData\ConsoleApplication1\Debug\rt_nonfinite.obj
G:\课程文档\大四上学期\NAO机器人\项目\Imitation\VS\KinectSDK_CaptutringSkeletonData\ConsoleApplication1\Debug\zmp.obj
G:\课程文档\大四上学期\NAO机器人\项目\Imitation\VS\KinectSDK_CaptutringSkeletonData\ConsoleApplication1\Debug\cl.command.1.tlog
G:\课程文档\大四上学期\NAO机器人\项目\Imitation\VS\KinectSDK_CaptutringSkeletonData\ConsoleApplication1\Debug\CL.read.1.tlog
G:\课程文档\大四上学期\NAO机器人\项目\Imitation\VS\KinectSDK_CaptutringSkeletonData\ConsoleApplication1\Debug\CL.write.1.tlog
G:\课程文档\大四上学期\NAO机器人\项目\Imitation\VS\KinectSDK_CaptutringSkeletonData\ConsoleApplication1\Debug\link.command.1.tlog
G:\课程文档\大四上学期\NAO机器人\项目\Imitation\VS\KinectSDK_CaptutringSkeletonData\ConsoleApplication1\Debug\link.read.1.tlog
G:\课程文档\大四上学期\NAO机器人\项目\Imitation\VS\KinectSDK_CaptutringSkeletonData\ConsoleApplication1\Debug\link.write.1.tlog
G:\课程文档\大四上学期\NAO机器人\项目\Imitation\VS\KinectSDK_CaptutringSkeletonData\ConsoleApplication1\Debug\vc110.idb
G:\课程文档\大四上学期\NAO机器人\项目\Imitation\VS\KinectSDK_CaptutringSkeletonData\ConsoleApplication1\Debug\vc110.pdb
G:\课程文档\大四上学期\NAO机器人\项目\Imitation\VS\KinectSDK_CaptutringSkeletonData\Debug\ConsoleApplication1.pdb
G:\课程文档\大四上学期\NAO机器人\项目\Imitation\VS\KinectSDK_CaptutringSkeletonData\Debug\ConsoleApplication1.exe
G:\课程文档\大四上学期\NAO机器人\项目\Imitation\VS\KinectSDK_CaptutringSkeletonData\Debug\ConsoleApplication1.ilk
